app/build/intermediates/manifest_merge_blame_file/debug/manifest-merger-blame-debug-report.txt
1<?xml version="1.0" encoding="utf-8"?>
2<manifest xmlns:android="http://schemas.android.com/apk/res/android"
3    package="com.example.app"
4    android:versionCode="1"
5    android:versionName="1.0" >
6
7    <uses-sdk
8        android:minSdkVersion="24"
8-->src\main\AndroidManifest.xml
9        android:targetSdkVersion="34" />
9-->src\main\AndroidManifest.xml
10
11    <uses-permission android:name="android.permission.REORDER_TASKS" />
11-->[androidx.test:core:1.5.0] AndroidManifest.xml:24:5-72
11-->[androidx.test:core:1.5.0] AndroidManifest.xml:24:22-69
12
13    <permission
13-->[androidx.core:core:1.13.1] AndroidManifest.xml:22:5-24:47
14        android:name="com.example.app.DYNAMIC_RECEIVER_NOT_EXPORTED_PERMISSION"
14-->[androidx.core:core:1.13.1] AndroidManifest.xml:23:9-81
15        android:protectionLevel="signature" />
15-->[androidx.core:core:1.13.1] AndroidManifest.xml:24:9-44
16
17    <uses-permission android:name="com.example.app.DYNAMIC_RECEIVER_NOT_EXPORTED_PERMISSION" />
17-->[androidx.core:core:1.13.1] AndroidManifest.xml:26:5-97
17-->[androidx.core:core:1.13.1] AndroidManifest.xml:26:22-94
18
19    <queries>
19-->[androidx.test:runner:1.5.2] AndroidManifest.xml:24:5-28:15
20        <package android:name="androidx.test.orchestrator" />
20-->[androidx.test:runner:1.5.2] AndroidManifest.xml:25:9-62
20-->[androidx.test:runner:1.5.2] AndroidManifest.xml:25:18-59
21        <package android:name="androidx.test.services" />
21-->[androidx.test:runner:1.5.2] AndroidManifest.xml:26:9-58
21-->[androidx.test:runner:1.5.2] AndroidManifest.xml:26:18-55
22        <package android:name="com.google.android.apps.common.testing.services" />
22-->[androidx.test:runner:1.5.2] AndroidManifest.xml:27:9-83
22-->[androidx.test:runner:1.5.2] AndroidManifest.xml:27:18-80
23    </queries>
24
25    <application
25-->src\main\AndroidManifest.xml:2:5-17:19
26        android:name="com.example.app.MainApplication"
26-->src\main\AndroidManifest.xml:3:9-55
27        android:allowBackup="true"
27-->src\main\AndroidManifest.xml:4:9-35
28        android:appComponentFactory="androidx.core.app.CoreComponentFactory"
28-->[androidx.core:core:1.13.1] AndroidManifest.xml:28:18-86
29        android:debuggable="true"
30        android:extractNativeLibs="false"
31        android:icon="@drawable/baseline_android_24"
31-->src\main\AndroidManifest.xml:5:9-53
32        android:label="@string/app_name"
32-->src\main\AndroidManifest.xml:6:9-41
33        android:roundIcon="@drawable/baseline_android_24"
33-->src\main\AndroidManifest.xml:7:9-58
34        android:supportsRtl="true"
34-->src\main\AndroidManifest.xml:8:9-35
35        android:testOnly="true"
36        android:theme="@style/AppTheme" >
36-->src\main\AndroidManifest.xml:9:9-40
37        <activity
37-->src\main\AndroidManifest.xml:10:9-16:20
38            android:name="com.example.app.MainActivity"
38-->src\main\AndroidManifest.xml:10:19-62
39            android:exported="true" >
39-->src\main\AndroidManifest.xml:11:13-36
40            <intent-filter>
40-->src\main\AndroidManifest.xml:12:13-15:29
41                <action android:name="android.intent.action.MAIN" />
41-->src\main\AndroidManifest.xml:13:17-69
41-->src\main\AndroidManifest.xml:13:25-66
42
43                <category android:name="android.intent.category.LAUNCHER" />
43-->src\main\AndroidManifest.xml:14:17-77
43-->src\main\AndroidManifest.xml:14:27-74
44            </intent-filter>
45        </activity>
46        <activity
46-->[androidx.compose.ui:ui-tooling-android:1.6.6] AndroidManifest.xml:23:9-25:39
47            android:name="androidx.compose.ui.tooling.PreviewActivity"
47-->[androidx.compose.ui:ui-tooling-android:1.6.6] AndroidManifest.xml:24:13-71
48            android:exported="true" />
48-->[androidx.compose.ui:ui-tooling-android:1.6.6] AndroidManifest.xml:25:13-36
49        <activity
49-->[androidx.compose.ui:ui-test-manifest:1.6.6] AndroidManifest.xml:23:9-25:39
50            android:name="androidx.activity.ComponentActivity"
50-->[androidx.compose.ui:ui-test-manifest:1.6.6] AndroidManifest.xml:24:13-63
51            android:exported="true" />
51-->[androidx.compose.ui:ui-test-manifest:1.6.6] AndroidManifest.xml:25:13-36
52        <activity
52-->[androidx.test:core:1.5.0] AndroidManifest.xml:27:9-34:20
53            android:name="androidx.test.core.app.InstrumentationActivityInvoker$BootstrapActivity"
53-->[androidx.test:core:1.5.0] AndroidManifest.xml:28:13-99
54            android:exported="true"
54-->[androidx.test:core:1.5.0] AndroidManifest.xml:29:13-36
55            android:theme="@style/WhiteBackgroundTheme" >
55-->[androidx.test:core:1.5.0] AndroidManifest.xml:30:13-56
56            <intent-filter android:priority="-100" >
56-->[androidx.test:core:1.5.0] AndroidManifest.xml:31:13-33:29
56-->[androidx.test:core:1.5.0] AndroidManifest.xml:31:28-51
57                <category android:name="android.intent.category.LAUNCHER" />
57-->src\main\AndroidManifest.xml:14:17-77
57-->src\main\AndroidManifest.xml:14:27-74
58            </intent-filter>
59        </activity>
60        <activity
60-->[androidx.test:core:1.5.0] AndroidManifest.xml:35:9-42:20
61            android:name="androidx.test.core.app.InstrumentationActivityInvoker$EmptyActivity"
61-->[androidx.test:core:1.5.0] AndroidManifest.xml:36:13-95
62            android:exported="true"
62-->[androidx.test:core:1.5.0] AndroidManifest.xml:37:13-36
63            android:theme="@style/WhiteBackgroundTheme" >
63-->[androidx.test:core:1.5.0] AndroidManifest.xml:38:13-56
64            <intent-filter android:priority="-100" >
64-->[androidx.test:core:1.5.0] AndroidManifest.xml:31:13-33:29
64-->[androidx.test:core:1.5.0] AndroidManifest.xml:31:28-51
65                <category android:name="android.intent.category.LAUNCHER" />
65-->src\main\AndroidManifest.xml:14:17-77
65-->src\main\AndroidManifest.xml:14:27-74
66            </intent-filter>
67        </activity>
68        <activity
68-->[androidx.test:core:1.5.0] AndroidManifest.xml:43:9-50:20
69            android:name="androidx.test.core.app.InstrumentationActivityInvoker$EmptyFloatingActivity"
69-->[androidx.test:core:1.5.0] AndroidManifest.xml:44:13-103
70            android:exported="true"
70-->[androidx.test:core:1.5.0] AndroidManifest.xml:45:13-36
71            android:theme="@style/WhiteBackgroundDialogTheme" >
71-->[androidx.test:core:1.5.0] AndroidManifest.xml:46:13-62
72            <intent-filter android:priority="-100" >
72-->[androidx.test:core:1.5.0] AndroidManifest.xml:31:13-33:29
72-->[androidx.test:core:1.5.0] AndroidManifest.xml:31:28-51
73                <category android:name="android.intent.category.LAUNCHER" />
73-->src\main\AndroidManifest.xml:14:17-77
73-->src\main\AndroidManifest.xml:14:27-74
74            </intent-filter>
75        </activity>
76
77        <provider
77-->[androidx.emoji2:emoji2:1.3.0] AndroidManifest.xml:24:9-32:20
78            android:name="androidx.startup.InitializationProvider"
78-->[androidx.emoji2:emoji2:1.3.0] AndroidManifest.xml:25:13-67
79            android:authorities="com.example.app.androidx-startup"
79-->[androidx.emoji2:emoji2:1.3.0] AndroidManifest.xml:26:13-68
80            android:exported="false" >
80-->[androidx.emoji2:emoji2:1.3.0] AndroidManifest.xml:27:13-37
81            <meta-data
81-->[androidx.emoji2:emoji2:1.3.0] AndroidManifest.xml:29:13-31:52
82                android:name="androidx.emoji2.text.EmojiCompatInitializer"
82-->[androidx.emoji2:emoji2:1.3.0] AndroidManifest.xml:30:17-75
83                android:value="androidx.startup" />
83-->[androidx.emoji2:emoji2:1.3.0] AndroidManifest.xml:31:17-49
84            <meta-data
84-->[androidx.lifecycle:lifecycle-process:2.8.3] AndroidManifest.xml:29:13-31:52
85                android:name="androidx.lifecycle.ProcessLifecycleInitializer"
85-->[androidx.lifecycle:lifecycle-process:2.8.3] AndroidManifest.xml:30:17-78
86                android:value="androidx.startup" />
86-->[androidx.lifecycle:lifecycle-process:2.8.3] AndroidManifest.xml:31:17-49
87            <meta-data
87-->[androidx.profileinstaller:profileinstaller:1.3.1] AndroidManifest.xml:29:13-31:52
88                android:name="androidx.profileinstaller.ProfileInstallerInitializer"
88-->[androidx.profileinstaller:profileinstaller:1.3.1] AndroidManifest.xml:30:17-85
89                android:value="androidx.startup" />
89-->[androidx.profileinstaller:profileinstaller:1.3.1] AndroidManifest.xml:31:17-49
90        </provider>
91
92        <receiver
92-->[androidx.profileinstaller:profileinstaller:1.3.1] AndroidManifest.xml:34:9-52:20
93            android:name="androidx.profileinstaller.ProfileInstallReceiver"
93-->[androidx.profileinstaller:profileinstaller:1.3.1] AndroidManifest.xml:35:13-76
94            android:directBootAware="false"
94-->[androidx.profileinstaller:profileinstaller:1.3.1] AndroidManifest.xml:36:13-44
95            android:enabled="true"
95-->[androidx.profileinstaller:profileinstaller:1.3.1] AndroidManifest.xml:37:13-35
96            android:exported="true"
96-->[androidx.profileinstaller:profileinstaller:1.3.1] AndroidManifest.xml:38:13-36
97            android:permission="android.permission.DUMP" >
97-->[androidx.profileinstaller:profileinstaller:1.3.1] AndroidManifest.xml:39:13-57
98            <intent-filter>
98-->[androidx.profileinstaller:profileinstaller:1.3.1] AndroidManifest.xml:40:13-42:29
99                <action android:name="androidx.profileinstaller.action.INSTALL_PROFILE" />
99-->[androidx.profileinstaller:profileinstaller:1.3.1] AndroidManifest.xml:41:17-91
99-->[androidx.profileinstaller:profileinstaller:1.3.1] AndroidManifest.xml:41:25-88
100            </intent-filter>
101            <intent-filter>
101-->[androidx.profileinstaller:profileinstaller:1.3.1] AndroidManifest.xml:43:13-45:29
102                <action android:name="androidx.profileinstaller.action.SKIP_FILE" />
102-->[androidx.profileinstaller:profileinstaller:1.3.1] AndroidManifest.xml:44:17-85
102-->[androidx.profileinstaller:profileinstaller:1.3.1] AndroidManifest.xml:44:25-82
103            </intent-filter>
104            <intent-filter>
104-->[androidx.profileinstaller:profileinstaller:1.3.1] AndroidManifest.xml:46:13-48:29
105                <action android:name="androidx.profileinstaller.action.SAVE_PROFILE" />
105-->[androidx.profileinstaller:profileinstaller:1.3.1] AndroidManifest.xml:47:17-88
105-->[androidx.profileinstaller:profileinstaller:1.3.1] AndroidManifest.xml:47:25-85
106            </intent-filter>
107            <intent-filter>
107-->[androidx.profileinstaller:profileinstaller:1.3.1] AndroidManifest.xml:49:13-51:29
108                <action android:name="androidx.profileinstaller.action.BENCHMARK_OPERATION" />
108-->[androidx.profileinstaller:profileinstaller:1.3.1] AndroidManifest.xml:50:17-95
108-->[androidx.profileinstaller:profileinstaller:1.3.1] AndroidManifest.xml:50:25-92
109            </intent-filter>
110        </receiver>
111    </application>
112
113</manifest>